<?xml version="1.0" encoding="UTF-8"?>
<testng-results ignored="0" total="6" passed="5" failed="1" skipped="0">
  <reporter-output>
  </reporter-output>
  <suite started-at="2025-05-18T16:07:44 CEST" name="Surefire suite" finished-at="2025-05-18T16:07:55 CEST" duration-ms="10333">
    <groups>
      <group name="smoke">
        <method signature="petDetailTest.Test1()[pri:0, instance:com.example.sandbox.getPet.petDetailTest@1d548a08]" name="Test1" class="com.example.sandbox.getPet.petDetailTest"/>
        <method signature="petListTest.Test1()[pri:0, instance:com.example.sandbox.getPetList.petListTest@16aa0a0a]" name="Test1" class="com.example.sandbox.getPetList.petListTest"/>
        <method signature="petListTest.Test2()[pri:0, instance:com.example.sandbox.getPetList.petListTest@16aa0a0a]" name="Test2" class="com.example.sandbox.getPetList.petListTest"/>
        <method signature="postNewPetTest.Test1()[pri:0, instance:com.example.sandbox.postNewPet.postNewPetTest@780cb77]" name="Test1" class="com.example.sandbox.postNewPet.postNewPetTest"/>
        <method signature="postNewPetTest.postPetTest_withNonExistentStatus()[pri:0, instance:com.example.sandbox.postNewPet.postNewPetTest@780cb77]" name="postPetTest_withNonExistentStatus" class="com.example.sandbox.postNewPet.postNewPetTest"/>
        <method signature="postNewPetTest.postPetTest_withValidData()[pri:0, instance:com.example.sandbox.postNewPet.postNewPetTest@780cb77]" name="postPetTest_withValidData" class="com.example.sandbox.postNewPet.postNewPetTest"/>
      </group> <!-- smoke -->
    </groups>
    <test started-at="2025-05-18T16:07:44 CEST" name="Surefire test" finished-at="2025-05-18T16:07:55 CEST" duration-ms="10333">
      <class name="com.example.sandbox.getPet.petDetailTest">
        <test-method is-config="true" signature="baseBeforeMethod(org.testng.ITestContext)[pri:0, instance:com.example.sandbox.getPet.petDetailTest@1d548a08]" started-at="2025-05-18T16:07:44 CEST" name="baseBeforeMethod" finished-at="2025-05-18T16:07:44 CEST" duration-ms="218" status="PASS">
          <params>
            <param index="0">
              <value>
                <![CDATA[org.testng.TestRunner@4e6cbdf1]]>
              </value>
            </param>
          </params>
          <reporter-output>
          </reporter-output>
        </test-method> <!-- baseBeforeMethod -->
        <test-method signature="Test1()[pri:0, instance:com.example.sandbox.getPet.petDetailTest@1d548a08]" started-at="2025-05-18T16:07:44 CEST" name="Test1" description="description" finished-at="2025-05-18T16:07:50 CEST" duration-ms="5142" status="PASS">
          <reporter-output>
          </reporter-output>
        </test-method> <!-- Test1 -->
      </class> <!-- com.example.sandbox.getPet.petDetailTest -->
      <class name="com.example.sandbox.postNewPet.postNewPetTest">
        <test-method is-config="true" signature="baseBeforeMethod(org.testng.ITestContext)[pri:0, instance:com.example.sandbox.postNewPet.postNewPetTest@780cb77]" started-at="2025-05-18T16:07:52 CEST" name="baseBeforeMethod" finished-at="2025-05-18T16:07:52 CEST" duration-ms="1" status="PASS">
          <params>
            <param index="0">
              <value>
                <![CDATA[org.testng.TestRunner@4e6cbdf1]]>
              </value>
            </param>
          </params>
          <reporter-output>
          </reporter-output>
        </test-method> <!-- baseBeforeMethod -->
        <test-method signature="Test1()[pri:0, instance:com.example.sandbox.postNewPet.postNewPetTest@780cb77]" started-at="2025-05-18T16:07:52 CEST" name="Test1" description="POSITIVE TEST - create a pet with valid data" finished-at="2025-05-18T16:07:52 CEST" duration-ms="157" status="PASS">
          <reporter-output>
          </reporter-output>
        </test-method> <!-- Test1 -->
        <test-method signature="postPetTest_withNonExistentStatus()[pri:0, instance:com.example.sandbox.postNewPet.postNewPetTest@780cb77]" started-at="2025-05-18T16:07:52 CEST" name="postPetTest_withNonExistentStatus" description="NEGATIVE TEST - create a pet with non-existent (NOT available, pending, sold) status" finished-at="2025-05-18T16:07:54 CEST" duration-ms="1294" status="FAIL">
          <exception class="java.lang.AssertionError">
            <message>
              <![CDATA[expected:<200> but was:<400>]]>
            </message>
            <full-stacktrace>
              <![CDATA[java.lang.AssertionError: expected:<200> but was:<400>
at org.junit.Assert.fail(Assert.java:88)
at org.junit.Assert.failNotEquals(Assert.java:834)
at org.junit.Assert.assertEquals(Assert.java:118)
at org.junit.Assert.assertEquals(Assert.java:144)
at com.example.sandbox.util.Assertions.assertReturnCode(Assertions.java:9)
at com.example.sandbox.postNewPet.postNewPetTest.postPetTest_withNonExistentStatus(postNewPetTest.java:77)
at java.base/jdk.internal.reflect.NativeMethodAccessorImpl.invoke0(Native Method)
at java.base/jdk.internal.reflect.NativeMethodAccessorImpl.invoke(NativeMethodAccessorImpl.java:77)
at java.base/jdk.internal.reflect.DelegatingMethodAccessorImpl.invoke(DelegatingMethodAccessorImpl.java:43)
at java.base/java.lang.reflect.Method.invoke(Method.java:568)
at org.testng.internal.MethodInvocationHelper.invokeMethod(MethodInvocationHelper.java:133)
at org.testng.internal.TestInvoker.invokeMethod(TestInvoker.java:584)
at org.testng.internal.TestInvoker.invokeTestMethod(TestInvoker.java:172)
at org.testng.internal.MethodRunner.runInSequence(MethodRunner.java:46)
at org.testng.internal.TestInvoker$MethodInvocationAgent.invoke(TestInvoker.java:804)
at org.testng.internal.TestInvoker.invokeTestMethods(TestInvoker.java:145)
at org.testng.internal.TestMethodWorker.invokeTestMethods(TestMethodWorker.java:146)
at org.testng.internal.TestMethodWorker.run(TestMethodWorker.java:128)
at java.base/java.util.ArrayList.forEach(ArrayList.java:1511)
at org.testng.TestRunner.privateRun(TestRunner.java:770)
at org.testng.TestRunner.run(TestRunner.java:591)
at org.testng.SuiteRunner.runTest(SuiteRunner.java:402)
at org.testng.SuiteRunner.runSequentially(SuiteRunner.java:396)
at org.testng.SuiteRunner.privateRun(SuiteRunner.java:355)
at org.testng.SuiteRunner.run(SuiteRunner.java:304)
at org.testng.SuiteRunnerWorker.runSuite(SuiteRunnerWorker.java:53)
at org.testng.SuiteRunnerWorker.run(SuiteRunnerWorker.java:96)
at org.testng.TestNG.runSuitesSequentially(TestNG.java:1180)
at org.testng.TestNG.runSuitesLocally(TestNG.java:1102)
at org.testng.TestNG.runSuites(TestNG.java:1032)
at org.testng.TestNG.run(TestNG.java:1000)
at org.apache.maven.surefire.testng.TestNGExecutor.run(TestNGExecutor.java:135)
at org.apache.maven.surefire.testng.TestNGDirectoryTestSuite.executeMulti(TestNGDirectoryTestSuite.java:193)
at org.apache.maven.surefire.testng.TestNGDirectoryTestSuite.execute(TestNGDirectoryTestSuite.java:94)
at org.apache.maven.surefire.testng.TestNGProvider.invoke(TestNGProvider.java:146)
at org.apache.maven.surefire.booter.ForkedBooter.invokeProviderInSameClassLoader(ForkedBooter.java:384)
at org.apache.maven.surefire.booter.ForkedBooter.runSuitesInProcess(ForkedBooter.java:345)
at org.apache.maven.surefire.booter.ForkedBooter.execute(ForkedBooter.java:126)
at org.apache.maven.surefire.booter.ForkedBooter.main(ForkedBooter.java:418)
]]>
            </full-stacktrace>
          </exception> <!-- java.lang.AssertionError -->
          <reporter-output>
          </reporter-output>
        </test-method> <!-- postPetTest_withNonExistentStatus -->
        <test-method is-config="true" signature="baseBeforeMethod(org.testng.ITestContext)[pri:0, instance:com.example.sandbox.postNewPet.postNewPetTest@780cb77]" started-at="2025-05-18T16:07:52 CEST" name="baseBeforeMethod" finished-at="2025-05-18T16:07:52 CEST" duration-ms="0" status="PASS">
          <params>
            <param index="0">
              <value>
                <![CDATA[org.testng.TestRunner@4e6cbdf1]]>
              </value>
            </param>
          </params>
          <reporter-output>
          </reporter-output>
        </test-method> <!-- baseBeforeMethod -->
        <test-method is-config="true" signature="baseBeforeMethod(org.testng.ITestContext)[pri:0, instance:com.example.sandbox.postNewPet.postNewPetTest@780cb77]" started-at="2025-05-18T16:07:54 CEST" name="baseBeforeMethod" finished-at="2025-05-18T16:07:54 CEST" duration-ms="1" status="PASS">
          <params>
            <param index="0">
              <value>
                <![CDATA[org.testng.TestRunner@4e6cbdf1]]>
              </value>
            </param>
          </params>
          <reporter-output>
          </reporter-output>
        </test-method> <!-- baseBeforeMethod -->
        <test-method signature="postPetTest_withValidData()[pri:0, instance:com.example.sandbox.postNewPet.postNewPetTest@780cb77]" started-at="2025-05-18T16:07:54 CEST" name="postPetTest_withValidData" description="POSITIVE TEST - create a pet with valid data" finished-at="2025-05-18T16:07:55 CEST" duration-ms="833" status="PASS">
          <reporter-output>
          </reporter-output>
        </test-method> <!-- postPetTest_withValidData -->
      </class> <!-- com.example.sandbox.postNewPet.postNewPetTest -->
      <class name="com.example.sandbox.getPetList.petListTest">
        <test-method is-config="true" signature="baseBeforeMethod(org.testng.ITestContext)[pri:0, instance:com.example.sandbox.getPetList.petListTest@16aa0a0a]" started-at="2025-05-18T16:07:50 CEST" name="baseBeforeMethod" finished-at="2025-05-18T16:07:50 CEST" duration-ms="0" status="PASS">
          <params>
            <param index="0">
              <value>
                <![CDATA[org.testng.TestRunner@4e6cbdf1]]>
              </value>
            </param>
          </params>
          <reporter-output>
          </reporter-output>
        </test-method> <!-- baseBeforeMethod -->
        <test-method signature="Test1()[pri:0, instance:com.example.sandbox.getPetList.petListTest@16aa0a0a]" started-at="2025-05-18T16:07:50 CEST" name="Test1" description="description" finished-at="2025-05-18T16:07:51 CEST" duration-ms="1200" status="PASS">
          <reporter-output>
          </reporter-output>
        </test-method> <!-- Test1 -->
        <test-method is-config="true" signature="baseBeforeMethod(org.testng.ITestContext)[pri:0, instance:com.example.sandbox.getPetList.petListTest@16aa0a0a]" started-at="2025-05-18T16:07:51 CEST" name="baseBeforeMethod" finished-at="2025-05-18T16:07:51 CEST" duration-ms="1" status="PASS">
          <params>
            <param index="0">
              <value>
                <![CDATA[org.testng.TestRunner@4e6cbdf1]]>
              </value>
            </param>
          </params>
          <reporter-output>
          </reporter-output>
        </test-method> <!-- baseBeforeMethod -->
        <test-method signature="Test2()[pri:0, instance:com.example.sandbox.getPetList.petListTest@16aa0a0a]" started-at="2025-05-18T16:07:51 CEST" name="Test2" description="description" finished-at="2025-05-18T16:07:52 CEST" duration-ms="1223" status="PASS">
          <reporter-output>
          </reporter-output>
        </test-method> <!-- Test2 -->
      </class> <!-- com.example.sandbox.getPetList.petListTest -->
    </test> <!-- Surefire test -->
  </suite> <!-- Surefire suite -->
</testng-results>
